<?xml version="1.0" encoding="UTF-8"?>
<!-- Generated by org.testng.reporters.JUnitReportReporter -->
<testsuite skipped="0" hostname="Wenso-99-PC" name="testCases.VerifyHomePageWithReport" tests="1" failures="0" timestamp="26 Mar 2018 13:54:26 GMT" time="21.664" errors="0">
  <testcase name="testHomePage" time="21.664" classname="testCases.VerifyHomePageWithReport"/>
</testsuite> <!-- testCases.VerifyHomePageWithReport -->
