<?xml version="1.0" encoding="UTF-8"?>
<!-- Generated by org.testng.reporters.JUnitReportReporter -->
<testsuite skipped="0" hostname="Wenso-99-PC" name="testCases.VerifyLoginPage" tests="1" failures="0" timestamp="26 Mar 2018 12:21:28 GMT" time="61.597" errors="0">
  <testcase name="testLoginPage" time="61.597" classname="testCases.VerifyLoginPage"/>
</testsuite> <!-- testCases.VerifyLoginPage -->
